1679430370: mosquitto version 2.0.15 starting
1679430370: Config loaded from /mosquitto/config/mosquitto.conf.
1679430370: Opening ipv4 listen socket on port 1883.
1679430370: Opening ipv6 listen socket on port 1883.
1679430370: mosquitto version 2.0.15 running
1679430435: mosquitto version 2.0.15 terminating
1679430435: Saving in-memory database to /mosquitto/data//mosquitto.db.
1679430782: mosquitto version 2.0.15 starting
1679430782: Config loaded from /mosquitto/config/mosquitto.conf.
1679430782: Opening ipv4 listen socket on port 1883.
1679430782: Opening ipv6 listen socket on port 1883.
1679430782: mosquitto version 2.0.15 running
1679431060: mosquitto version 2.0.15 terminating
1679431060: Saving in-memory database to /mosquitto/data//mosquitto.db.
1679431063: mosquitto version 2.0.15 starting
1679431063: Config loaded from /mosquitto/config/mosquitto.conf.
1679431063: Opening ipv4 listen socket on port 1883.
1679431063: Opening ipv6 listen socket on port 1883.
1679431063: mosquitto version 2.0.15 running
1679431111: mosquitto version 2.0.15 terminating
1679431111: Saving in-memory database to /mosquitto/data//mosquitto.db.
1679431260: mosquitto version 2.0.15 starting
1679431260: Config loaded from /mosquitto/config/mosquitto.conf.
1679431260: Opening ipv4 listen socket on port 1883.
1679431260: Opening ipv6 listen socket on port 1883.
1679431260: mosquitto version 2.0.15 running
1679431502: mosquitto version 2.0.15 terminating
1679431502: Saving in-memory database to /mosquitto/data//mosquitto.db.
1679431703: mosquitto version 2.0.15 starting
1679431703: Config loaded from /mosquitto/config/mosquitto.conf.
1679431703: Opening ipv4 listen socket on port 1883.
1679431703: Opening ipv6 listen socket on port 1883.
1679431703: mosquitto version 2.0.15 running
1679431856: mosquitto version 2.0.15 terminating
1679431856: Saving in-memory database to /mosquitto/data//mosquitto.db.
1679432955: mosquitto version 2.0.15 starting
1679432955: Config loaded from /mosquitto/config/mosquitto.conf.
1679432955: Opening ipv4 listen socket on port 1883.
1679432955: Opening ipv6 listen socket on port 1883.
1679432955: mosquitto version 2.0.15 running
1679432957: mosquitto version 2.0.15 terminating
1679432957: Saving in-memory database to /mosquitto/data//mosquitto.db.
1679432978: mosquitto version 2.0.15 starting
1679432978: Config loaded from /mosquitto/config/mosquitto.conf.
1679432978: Opening ipv4 listen socket on port 1883.
1679432978: Opening ipv6 listen socket on port 1883.
1679432978: mosquitto version 2.0.15 running
1679433354: mosquitto version 2.0.15 terminating
1679433354: Saving in-memory database to /mosquitto/data//mosquitto.db.
1679433489: mosquitto version 2.0.15 starting
1679433489: Config loaded from /mosquitto/config/mosquitto.conf.
1679433489: Opening ipv4 listen socket on port 1883.
1679433489: Opening ipv6 listen socket on port 1883.
1679433489: mosquitto version 2.0.15 running
1679433501: mosquitto version 2.0.15 terminating
1679433501: Saving in-memory database to /mosquitto/data//mosquitto.db.
1679433509: mosquitto version 2.0.15 starting
1679433509: Config loaded from /mosquitto/config/mosquitto.conf.
1679433509: Opening ipv4 listen socket on port 1883.
1679433509: Opening ipv6 listen socket on port 1883.
1679433509: mosquitto version 2.0.15 running
1679433560: mosquitto version 2.0.15 terminating
1679433560: Saving in-memory database to /mosquitto/data//mosquitto.db.
1679433568: mosquitto version 2.0.15 starting
1679433568: Config loaded from /mosquitto/config/mosquitto.conf.
1679433568: Opening ipv4 listen socket on port 1883.
1679433568: Opening ipv6 listen socket on port 1883.
1679433568: mosquitto version 2.0.15 running
1679433573: mosquitto version 2.0.15 terminating
1679433573: Saving in-memory database to /mosquitto/data//mosquitto.db.
1679433756: mosquitto version 2.0.15 starting
1679433756: Config loaded from /mosquitto/config/mosquitto.conf.
1679433756: Opening ipv4 listen socket on port 1883.
1679433756: Opening ipv6 listen socket on port 1883.
1679433756: mosquitto version 2.0.15 running
1679433775: mosquitto version 2.0.15 terminating
1679433775: Saving in-memory database to /mosquitto/data//mosquitto.db.
1679433837: mosquitto version 2.0.15 starting
1679433837: Config loaded from /mosquitto/config/mosquitto.conf.
1679433837: Opening ipv4 listen socket on port 1883.
1679433837: Opening ipv6 listen socket on port 1883.
1679433837: mosquitto version 2.0.15 running
1679433838: mosquitto version 2.0.15 terminating
1679433838: Saving in-memory database to /mosquitto/data//mosquitto.db.
1679433877: mosquitto version 2.0.15 starting
1679433877: Config loaded from /mosquitto/config/mosquitto.conf.
1679433877: Opening ipv4 listen socket on port 1883.
1679433877: Opening ipv6 listen socket on port 1883.
1679433877: mosquitto version 2.0.15 running
1679433904: mosquitto version 2.0.15 terminating
1679433904: Saving in-memory database to /mosquitto/data//mosquitto.db.
1679433914: mosquitto version 2.0.15 starting
1679433914: Config loaded from /mosquitto/config/mosquitto.conf.
1679433914: Opening ipv4 listen socket on port 1883.
1679433914: Opening ipv6 listen socket on port 1883.
1679433914: mosquitto version 2.0.15 running
1679434013: mosquitto version 2.0.15 terminating
1679434013: Saving in-memory database to /mosquitto/data//mosquitto.db.
1679434017: mosquitto version 2.0.15 starting
1679434017: Config loaded from /mosquitto/config/mosquitto.conf.
1679434017: Opening ipv4 listen socket on port 1883.
1679434017: Opening ipv6 listen socket on port 1883.
1679434017: mosquitto version 2.0.15 running
1679434084: mosquitto version 2.0.15 terminating
1679434084: Saving in-memory database to /mosquitto/data//mosquitto.db.
1679434350: mosquitto version 2.0.15 starting
1679434350: Config loaded from /mosquitto/config/mosquitto.conf.
1679434350: Opening ipv4 listen socket on port 1883.
1679434350: Opening ipv6 listen socket on port 1883.
1679434350: mosquitto version 2.0.15 running
1679434380: mosquitto version 2.0.15 terminating
1679434380: Saving in-memory database to /mosquitto/data//mosquitto.db.
1679434385: mosquitto version 2.0.15 starting
1679434385: Config loaded from /mosquitto/config/mosquitto.conf.
1679434385: Opening ipv4 listen socket on port 1883.
1679434385: Opening ipv6 listen socket on port 1883.
1679434385: mosquitto version 2.0.15 running
1679434390: mosquitto version 2.0.15 terminating
1679434390: Saving in-memory database to /mosquitto/data//mosquitto.db.
1679434395: mosquitto version 2.0.15 starting
1679434395: Config loaded from /mosquitto/config/mosquitto.conf.
1679434395: Opening ipv4 listen socket on port 1883.
1679434395: Opening ipv6 listen socket on port 1883.
1679434395: mosquitto version 2.0.15 running
1679434418: mosquitto version 2.0.15 terminating
1679434418: Saving in-memory database to /mosquitto/data//mosquitto.db.
1679434422: mosquitto version 2.0.15 starting
1679434422: Config loaded from /mosquitto/config/mosquitto.conf.
1679434422: Opening ipv4 listen socket on port 1883.
1679434422: Opening ipv6 listen socket on port 1883.
1679434422: mosquitto version 2.0.15 running
1679434435: mosquitto version 2.0.15 terminating
1679434435: Saving in-memory database to /mosquitto/data//mosquitto.db.
1679434443: mosquitto version 2.0.15 starting
1679434443: Config loaded from /mosquitto/config/mosquitto.conf.
1679434443: Opening ipv4 listen socket on port 1883.
1679434443: Opening ipv6 listen socket on port 1883.
1679434443: mosquitto version 2.0.15 running
1679434535: mosquitto version 2.0.15 terminating
1679434535: Saving in-memory database to /mosquitto/data//mosquitto.db.
1679434575: mosquitto version 2.0.15 starting
1679434575: Config loaded from /mosquitto/config/mosquitto.conf.
1679434575: Opening ipv4 listen socket on port 1883.
1679434575: Opening ipv6 listen socket on port 1883.
1679434575: mosquitto version 2.0.15 running
1679434616: mosquitto version 2.0.15 terminating
1679434616: Saving in-memory database to /mosquitto/data//mosquitto.db.
1679434663: mosquitto version 2.0.15 starting
1679434663: Config loaded from /mosquitto/config/mosquitto.conf.
1679434663: Opening ipv4 listen socket on port 1883.
1679434663: Opening ipv6 listen socket on port 1883.
1679434663: mosquitto version 2.0.15 running
1679434665: mosquitto version 2.0.15 terminating
1679434665: Saving in-memory database to /mosquitto/data//mosquitto.db.
1679434694: mosquitto version 2.0.15 starting
1679434694: Config loaded from /mosquitto/config/mosquitto.conf.
1679434694: Opening ipv4 listen socket on port 1883.
1679434694: Opening ipv6 listen socket on port 1883.
1679434694: mosquitto version 2.0.15 running
1679434695: mosquitto version 2.0.15 terminating
1679434695: Saving in-memory database to /mosquitto/data//mosquitto.db.
1679435322: mosquitto version 2.0.15 starting
1679435322: Config loaded from /mosquitto/config/mosquitto.conf.
1679435322: Opening ipv4 listen socket on port 1883.
1679435322: Opening ipv6 listen socket on port 1883.
1679435322: mosquitto version 2.0.15 running
1679435322: New connection from 172.20.0.2:51121 on port 1883.
1679435322: New client connected from 172.20.0.2:51121 as python1 (p2, c1, k60).
1679435483: mosquitto version 2.0.15 terminating
1679435483: Saving in-memory database to /mosquitto/data//mosquitto.db.
1679435636: mosquitto version 2.0.15 starting
1679435636: Config loaded from /mosquitto/config/mosquitto.conf.
1679435636: Opening ipv4 listen socket on port 1883.
1679435636: Opening ipv6 listen socket on port 1883.
1679435636: mosquitto version 2.0.15 running
1679435636: New connection from 172.20.0.2:41209 on port 1883.
1679435636: New client connected from 172.20.0.2:41209 as python1 (p2, c1, k60).
1679435734: mosquitto version 2.0.15 terminating
1679435734: Saving in-memory database to /mosquitto/data//mosquitto.db.
1679435748: mosquitto version 2.0.15 starting
1679435748: Config loaded from /mosquitto/config/mosquitto.conf.
1679435748: Opening ipv4 listen socket on port 1883.
1679435748: Opening ipv6 listen socket on port 1883.
1679435748: mosquitto version 2.0.15 running
1679435749: New connection from 172.20.0.2:51413 on port 1883.
1679435749: New client connected from 172.20.0.2:51413 as python1 (p2, c1, k60).
1679435764: Client python1 closed its connection.
1679435765: New connection from 172.20.0.2:46415 on port 1883.
1679435765: New client connected from 172.20.0.2:46415 as python1 (p2, c1, k60).
1679435770: mosquitto version 2.0.15 terminating
1679435770: Saving in-memory database to /mosquitto/data//mosquitto.db.
